2024-06-11T00:33:54.323-05:00  INFO 12692 --- [practica1] [main] c.master.practica1.Practica1Application  : Starting Practica1Application using Java 21.0.3 with PID 12692 (D:\LiteThinking\practica1\build\classes\java\main started by Jose Rodriguez in D:\LiteThinking\practica1)
2024-06-11T00:33:54.327-05:00  INFO 12692 --- [practica1] [main] c.master.practica1.Practica1Application  : No active profile set, falling back to 1 default profile: "default"
2024-06-11T00:33:55.473-05:00  INFO 12692 --- [practica1] [main] o.s.b.w.embedded.tomcat.TomcatWebServer  : Tomcat initialized with port 8080 (http)
2024-06-11T00:33:55.485-05:00  INFO 12692 --- [practica1] [main] o.apache.catalina.core.StandardService   : Starting service [Tomcat]
2024-06-11T00:33:55.486-05:00  INFO 12692 --- [practica1] [main] o.apache.catalina.core.StandardEngine    : Starting Servlet engine: [Apache Tomcat/10.1.24]
2024-06-11T00:33:55.536-05:00  INFO 12692 --- [practica1] [main] o.a.c.c.C.[Tomcat].[localhost].[/]       : Initializing Spring embedded WebApplicationContext
2024-06-11T00:33:55.537-05:00  INFO 12692 --- [practica1] [main] w.s.c.ServletWebServerApplicationContext : Root WebApplicationContext: initialization completed in 1155 ms
2024-06-11T00:33:56.113-05:00  INFO 12692 --- [practica1] [main] o.s.b.a.e.web.EndpointLinksResolver      : Exposing 6 endpoints beneath base path '/actuator'
2024-06-11T00:33:56.181-05:00  INFO 12692 --- [practica1] [main] o.s.b.w.embedded.tomcat.TomcatWebServer  : Tomcat started on port 8080 (http) with context path '/'
2024-06-11T00:33:56.194-05:00  INFO 12692 --- [practica1] [main] c.master.practica1.Practica1Application  : Started Practica1Application in 2.331 seconds (process running for 2.628)
2024-06-11T00:34:13.995-05:00  INFO 12692 --- [practica1] [http-nio-8080-exec-1] o.a.c.c.C.[Tomcat].[localhost].[/]       : Initializing Spring DispatcherServlet 'dispatcherServlet'
2024-06-11T00:34:13.996-05:00  INFO 12692 --- [practica1] [http-nio-8080-exec-1] o.s.web.servlet.DispatcherServlet        : Initializing Servlet 'dispatcherServlet'
2024-06-11T00:34:13.996-05:00  INFO 12692 --- [practica1] [http-nio-8080-exec-1] o.s.web.servlet.DispatcherServlet        : Completed initialization in 0 ms
2024-06-11T00:35:54.016-05:00  INFO 19808 --- [practica1] [main] c.master.practica1.Practica1Application  : Starting Practica1Application using Java 21.0.3 with PID 19808 (D:\LiteThinking\practica1\build\classes\java\main started by Jose Rodriguez in D:\LiteThinking\practica1)
2024-06-11T00:35:54.023-05:00  INFO 19808 --- [practica1] [main] c.master.practica1.Practica1Application  : No active profile set, falling back to 1 default profile: "default"
2024-06-11T00:35:55.119-05:00  INFO 19808 --- [practica1] [main] o.s.b.w.embedded.tomcat.TomcatWebServer  : Tomcat initialized with port 8080 (http)
2024-06-11T00:35:55.129-05:00  INFO 19808 --- [practica1] [main] o.apache.catalina.core.StandardService   : Starting service [Tomcat]
2024-06-11T00:35:55.130-05:00  INFO 19808 --- [practica1] [main] o.apache.catalina.core.StandardEngine    : Starting Servlet engine: [Apache Tomcat/10.1.24]
2024-06-11T00:35:55.178-05:00  INFO 19808 --- [practica1] [main] o.a.c.c.C.[Tomcat].[localhost].[/]       : Initializing Spring embedded WebApplicationContext
2024-06-11T00:35:55.178-05:00  INFO 19808 --- [practica1] [main] w.s.c.ServletWebServerApplicationContext : Root WebApplicationContext: initialization completed in 1102 ms
2024-06-11T00:35:55.854-05:00  INFO 19808 --- [practica1] [main] o.s.b.a.e.web.EndpointLinksResolver      : Exposing 6 endpoints beneath base path '/actuator'
2024-06-11T00:35:55.942-05:00  INFO 19808 --- [practica1] [main] o.s.b.w.embedded.tomcat.TomcatWebServer  : Tomcat started on port 8080 (http) with context path '/'
2024-06-11T00:35:55.956-05:00  INFO 19808 --- [practica1] [main] c.master.practica1.Practica1Application  : Started Practica1Application in 2.377 seconds (process running for 2.665)
2024-06-11T00:38:59.466-05:00  INFO 13724 --- [practica1] [main] c.master.practica1.Practica1Application  : Starting Practica1Application using Java 21.0.3 with PID 13724 (D:\LiteThinking\practica1\build\classes\java\main started by Jose Rodriguez in D:\LiteThinking\practica1)
2024-06-11T00:38:59.472-05:00  INFO 13724 --- [practica1] [main] c.master.practica1.Practica1Application  : No active profile set, falling back to 1 default profile: "default"
2024-06-11T00:39:00.607-05:00  INFO 13724 --- [practica1] [main] o.s.b.w.embedded.tomcat.TomcatWebServer  : Tomcat initialized with port 8080 (http)
2024-06-11T00:39:00.618-05:00  INFO 13724 --- [practica1] [main] o.apache.catalina.core.StandardService   : Starting service [Tomcat]
2024-06-11T00:39:00.619-05:00  INFO 13724 --- [practica1] [main] o.apache.catalina.core.StandardEngine    : Starting Servlet engine: [Apache Tomcat/10.1.24]
2024-06-11T00:39:00.668-05:00  INFO 13724 --- [practica1] [main] o.a.c.c.C.[Tomcat].[localhost].[/]       : Initializing Spring embedded WebApplicationContext
2024-06-11T00:39:00.668-05:00  INFO 13724 --- [practica1] [main] w.s.c.ServletWebServerApplicationContext : Root WebApplicationContext: initialization completed in 1151 ms
2024-06-11T00:39:01.245-05:00  INFO 13724 --- [practica1] [main] o.s.b.a.e.web.EndpointLinksResolver      : Exposing 6 endpoints beneath base path '/actuator'
2024-06-11T00:39:01.309-05:00  INFO 13724 --- [practica1] [main] o.s.b.w.embedded.tomcat.TomcatWebServer  : Tomcat started on port 8080 (http) with context path '/'
2024-06-11T00:39:01.330-05:00  INFO 13724 --- [practica1] [main] c.master.practica1.Practica1Application  : Started Practica1Application in 2.342 seconds (process running for 2.644)
2024-06-11T00:39:05.668-05:00  INFO 13724 --- [practica1] [http-nio-8080-exec-2] o.a.c.c.C.[Tomcat].[localhost].[/]       : Initializing Spring DispatcherServlet 'dispatcherServlet'
2024-06-11T00:39:05.669-05:00  INFO 13724 --- [practica1] [http-nio-8080-exec-2] o.s.web.servlet.DispatcherServlet        : Initializing Servlet 'dispatcherServlet'
2024-06-11T00:39:05.671-05:00  INFO 13724 --- [practica1] [http-nio-8080-exec-2] o.s.web.servlet.DispatcherServlet        : Completed initialization in 1 ms
